<?xml version="1.0" encoding="UTF-8"?>
<!-- Generated by org.testng.reporters.JUnitXMLReporter -->
<testsuite ignored="1" hostname="DESKTOP-9P1G2QK" failures="0" tests="2" name="Test And Verify" time="10.849" errors="0" timestamp="2023-12-20T15:57:23 BDT">
  <testcase classname="beforeGroup.BeforeGroup_Example" name="homePageVerification" time="2.742"/>
  <testcase classname="beforeGroup.BeforeGroup_Example" name="test_Customer_Login" time="2.836"/>
  <testcase classname="beforeGroup.BeforeGroup_Example" name="test_Employee_Login" time="0.0">
    <ignored/>
  </testcase> <!-- test_Employee_Login -->
</testsuite> <!-- Test And Verify -->
