<?xml version="1.0" encoding="UTF-8"?>
<!-- Generated by org.testng.reporters.JUnitXMLReporter -->
<testsuite ignored="1" hostname="DESKTOP-9P1G2QK" failures="0" tests="2" name="GRP-regression" time="16.026" errors="0" timestamp="2023-12-10T15:09:59 BDT">
  <testcase classname="tastCase.BeforeGroup_Example" name="homePageVerification" time="2.792"/>
  <testcase classname="tastCase.BeforeGroup_Example" name="test_Customer_Login" time="2.937"/>
  <testcase classname="tastCase.BeforeGroup_Example" name="test_Employee_Login" time="0.0">
    <ignored/>
  </testcase> <!-- test_Employee_Login -->
</testsuite> <!-- GRP-regression -->
