<?xml version="1.0" encoding="UTF-8"?>
<!-- Generated by org.testng.reporters.JUnitXMLReporter -->
<testsuite ignored="2" hostname="DESKTOP-9P1G2QK" failures="0" tests="1" name="Group Test" time="4.524" errors="0" timestamp="2023-12-20T13:55:49 BDT">
  <testcase classname="beforeGroup.BeforeGroup_Example" name="test_Employee_Login" time="4.463"/>
  <testcase classname="beforeGroup.BeforeGroup_Example" name="test_Customer_Login" time="0.0">
    <ignored/>
  </testcase> <!-- test_Customer_Login -->
  <testcase classname="beforeGroup.BeforeGroup_Example" name="homePageVerification" time="0.0">
    <ignored/>
  </testcase> <!-- homePageVerification -->
</testsuite> <!-- Group Test -->
